Arguments: 
  C:\Program Files\nodejs\node.exe C:\Users\DELL\AppData\Roaming\npm\node_modules\yarn\bin\yarn.js add react-lottie

PATH: 
  C:\Users\DELL\bin;C:\Program Files\Git\mingw64\bin;C:\Program Files\Git\usr\local\bin;C:\Program Files\Git\usr\bin;C:\Program Files\Git\usr\bin;C:\Program Files\Git\mingw64\bin;C:\Program Files\Git\usr\bin;C:\Users\DELL\bin;C:\Program Files\Java\jdk-9.0.4\bin;C:\Program Files\Common Files\Oracle\Java\javapath;C:\Program Files\nodejs;C:\Program Files\Docker\Docker\resources\bin;C:\Program Files\Git\usr\bin;C:\Users\DELL\AppData\Local\GitHubDesktop\bin;C:\Windows\System32;C:\Users\DELL\AppData\Local\Programs\Microsoft VS Code\bin;C:\Users\DELL\AppData\Local\atom\bin;C:\Program Files\MongoDB\Server\6.0\bin;C:\Users\DELL\AppData\Roaming\npm;C:\Program Files\Git\usr\bin\vendor_perl;C:\Program Files\Git\usr\bin\core_perl

Yarn version: 
  1.22.19

Node version: 
  18.14.2

Platform: 
  win32 x64

Trace: 
  Error: EPERM: operation not permitted, copyfile 'C:\Users\DELL\AppData\Local\Yarn\Cache\v6\npm-@mui-system-5.11.15-075fa6aef5ec765ea9573bf654049cf72066364d-integrity\node_modules\@mui\system\Container\package.json' -> 'D:\Arshil's workplace\Sem-6\project_e_ticket_management_system\conductor\node_modules\@mui\system\Container\package.json'

npm manifest: 
  {
    "name": "conductor",
    "version": "0.1.0",
    "private": true,
    "dependencies": {
      "@emotion/react": "^11.10.6",
      "@emotion/styled": "^11.10.6",
      "@mui/material": "^5.11.10",
      "@testing-library/jest-dom": "^5.16.5",
      "@testing-library/react": "^13.4.0",
      "@testing-library/user-event": "^13.5.0",
      "browser-image-compression": "^2.0.2",
      "react": "^18.2.0",
      "react-dom": "^18.2.0",
      "react-icons": "^4.7.1",
      "react-qr-reader": "^2.1.1",
      "react-router-dom": "^6.8.1",
      "react-scripts": "5.0.1",
      "web-vitals": "^2.1.4"
    },
    "scripts": {
      "start": "react-scripts start",
      "build": "react-scripts build",
      "test": "react-scripts test",
      "eject": "react-scripts eject"
    },
    "author": "Arshil Hapani",
    "eslintConfig": {
      "extends": [
        "react-app",
        "react-app/jest"
      ]
    },
    "browserslist": {
      "production": [
        ">0.2%",
        "not dead",
        "not op_mini all"
      ],
      "development": [
        "last 1 chrome version",
        "last 1 firefox version",
        "last 1 safari version"
      ]
    }
  }

yarn manifest: 
  No manifest

Lockfile: 
  No lockfile
